<?xml version="1.0" encoding="utf-8"?><testsuites name="pytest tests"><testsuite name="pytest" errors="0" failures="0" skipped="0" tests="4" time="3.425" timestamp="2026-03-05T08:22:09.685793+00:00" hostname="agent-env-12b98735-d767-47ac-9fd4-0b70b2f23ada"><testcase classname="backend.tests.test_seo_admin.TestAdminAndUsers" name="test_get_users_returns_200" time="0.341" /><testcase classname="backend.tests.test_seo_admin.TestCurrencyAPI" name="test_currency_convert_usd_eur" time="0.389" /><testcase classname="backend.tests.test_seo_admin.TestCurrencyAPI" name="test_currency_trend" time="0.683" /><testcase classname="backend.tests.test_seo_admin.TestAIParseAPI" name="test_ai_parse_returns_200" time="1.963" /></testsuite></testsuites>