<?xml version="1.0" encoding="utf-8"?><testsuites name="pytest tests"><testsuite name="pytest" errors="0" failures="0" skipped="0" tests="11" time="6.172" timestamp="2026-03-05T00:35:13.650118+00:00" hostname="agent-env-12b98735-d767-47ac-9fd4-0b70b2f23ada"><testcase classname="backend.tests.test_globalsync.TestHealth" name="test_root" time="0.285" /><testcase classname="backend.tests.test_globalsync.TestTimezone" name="test_popular_cities" time="0.149" /><testcase classname="backend.tests.test_globalsync.TestTimezone" name="test_convert_current_time" time="0.155" /><testcase classname="backend.tests.test_globalsync.TestTimezone" name="test_overlap" time="0.118" /><testcase classname="backend.tests.test_globalsync.TestTimezone" name="test_overlap_single_city" time="0.137" /><testcase classname="backend.tests.test_globalsync.TestCurrency" name="test_convert" time="0.208" /><testcase classname="backend.tests.test_globalsync.TestCurrency" name="test_trend" time="0.562" /><testcase classname="backend.tests.test_globalsync.TestAI" name="test_currency_intent" time="2.515" /><testcase classname="backend.tests.test_globalsync.TestAI" name="test_meeting_intent" time="1.452" /><testcase classname="backend.tests.test_globalsync.TestHistory" name="test_save_and_get" time="0.289" /><testcase classname="backend.tests.test_globalsync.TestHistory" name="test_clear" time="0.256" /></testsuite></testsuites>